[debug] [2023-11-26T10:52:49.869Z] ----------------------------------------------------------------------
[debug] [2023-11-26T10:52:49.871Z] Command:       /home/deck/.nvm/versions/node/v18.16.0/bin/node /home/deck/.nvm/versions/node/v18.16.0/bin/firebase init
[debug] [2023-11-26T10:52:49.871Z] CLI Version:   12.8.0
[debug] [2023-11-26T10:52:49.871Z] Platform:      linux
[debug] [2023-11-26T10:52:49.872Z] Node Version:  v18.16.0
[debug] [2023-11-26T10:52:49.872Z] Time:          Sun Nov 26 2023 10:52:49 GMT+0000 (Greenwich Mean Time)
[debug] [2023-11-26T10:52:49.872Z] ----------------------------------------------------------------------
[debug] 
[debug] [2023-11-26T10:52:49.877Z] > command requires scopes: ["email","openid","https://www.googleapis.com/auth/cloudplatformprojects.readonly","https://www.googleapis.com/auth/firebase","https://www.googleapis.com/auth/cloud-platform"]
[debug] [2023-11-26T10:52:49.878Z] > authorizing via signed-in user (samnewell91@googlemail.com)
[info] 
     ######## #### ########  ######## ########     ###     ######  ########
     ##        ##  ##     ## ##       ##     ##  ##   ##  ##       ##
     ######    ##  ########  ######   ########  #########  ######  ######
     ##        ##  ##    ##  ##       ##     ## ##     ##       ## ##
     ##       #### ##     ## ######## ########  ##     ##  ######  ########

You're about to initialize a Firebase project in this directory:

  /home/deck/Documents/React/react-store

[info] 
=== Project Setup
[info] 
[info] First, let's associate this project directory with a Firebase project.
[info] You can create multiple project aliases by running firebase use --add, 
[info] but for now we'll just set up a default project.
[info] 
